<?xml version="1.0" encoding="UTF-8"?>
<testExecutions version="1">
  <file path="C:\Users\tfavre06\marvel-app\src\components\chart-utils.test.js">
    <testCase name="prepareData should return an empty array when no data is provided" duration="13"/>
    <testCase name="prepareData should return the correct transformed data when all values are provided" duration="1"/>
    <testCase name="prepareData should filter out elements with undefined values" duration="1"/>
    <testCase name="prepareData should handle partial data correctly" duration="0"/>
  </file>
  <file path="C:\Users\tfavre06\marvel-app\src\api\characters-api.test.js">
    <testCase name="getCharacters should return characters sorted by name in asc order" duration="23"/>
    <testCase name="getCharacters should return characters sorted by name in desc order" duration="0"/>
    <testCase name="getCharacters should return characters sorted by modified in asc order" duration="0"/>
    <testCase name="getCharacters should return characters sorted by modified in desc order" duration="0"/>
    <testCase name="getCharacterById should return the character with the given id" duration="0"/>
    <testCase name="getCharacterById should throw an error if the character with the given id is not found" duration="37"/>
    <testCase name="fetchCharacters should fetch characters sorted by name in asc order" duration="3"/>
    <testCase name="fetchCharacters should fetch characters sorted by name in desc order" duration="0"/>
    <testCase name="fetchCharacters should fetch characters sorted by modified in asc order" duration="0"/>
    <testCase name="fetchCharacters should fetch characters sorted by modified in desc order" duration="0"/>
  </file>
  <file path="C:\Users\tfavre06\marvel-app\src\components\NumberOfCharacters.test.jsx">
    <testCase name="renders &quot;There is no character&quot; when characters array is empty" duration="35"/>
    <testCase name="renders the correct number of characters when characters array is not empty" duration="5"/>
  </file>
  <file path="C:\Users\tfavre06\marvel-app\src\pages\ContactPage.test.jsx">
    <testCase name="ContactPage should render the ContactPage component" duration="42"/>
    <testCase name="ContactPage should have the correct page title" duration="7"/>
    <testCase name="ContactPage should render the contact email link" duration="5"/>
  </file>
  <file path="C:\Users\tfavre06\marvel-app\src\pages\AboutPage.test.jsx">
    <testCase name="AboutPage sets the document title correctly" duration="77"/>
  </file>
  <file path="C:\Users\tfavre06\marvel-app\src\components\CharactersList.test.jsx">
    <testCase name="CharactersList renders without crashing" duration="26"/>
    <testCase name="CharactersList renders a list of characters" duration="28"/>
    <testCase name="CharactersList renders links to character details" duration="6"/>
  </file>
  <file path="C:\Users\tfavre06\marvel-app\src\components\CharacterDetail.test.jsx">
    <testCase name="renders the character detail correctly" duration="58"/>
    <testCase name="does not render the character thumbnail image when not provided" duration="3"/>
    <testCase name="renders &quot;no character&quot; when character is not provided" duration="2"/>
  </file>
  <file path="C:\Users\tfavre06\marvel-app\src\pages\CharactersPage.test.jsx">
    <testCase name="render CharactersPage component" duration="79"/>
  </file>
  <file path="C:\Users\tfavre06\marvel-app\src\components\RechartsPieChart.test.jsx">
    <testCase name="RechartsPieChart renders RechartsPieChart" duration="68"/>
  </file>
  <file path="C:\Users\tfavre06\marvel-app\src\components\D3PieChart.test.jsx">
    <testCase name="RechartsPieChart renders RechartsPieChart" duration="63"/>
  </file>
  <file path="C:\Users\tfavre06\marvel-app\src\pages\CharacterDetailPage.test.jsx">
    <testCase name="CharacterDetailPage render CharacterDetailPage component" duration="88"/>
  </file>
</testExecutions>