<?xml version="1.0" encoding="UTF-8"?>
<testExecutions version="1">
  <file path="C:\Users\tfavre06\marvel-app\src\components\CharactersList.test.jsx">
    <testCase name="CharactersList renders without crashing" duration="17"/>
    <testCase name="CharactersList renders a list of characters" duration="24"/>
    <testCase name="CharactersList renders links to character details" duration="8"/>
  </file>
  <file path="C:\Users\tfavre06\marvel-app\src\pages\CharactersPage.test.jsx">
    <testCase name="render CharactersPage component" duration="67"/>
  </file>
  <file path="C:\Users\tfavre06\marvel-app\src\components\CharacterDetail.test.jsx">
    <testCase name="renders the character detail correctly" duration="37"/>
    <testCase name="does not render the character thumbnail image when not provided" duration="2"/>
    <testCase name="renders &quot;no character&quot; when character is not provided" duration="1"/>
  </file>
  <file path="C:\Users\tfavre06\marvel-app\src\pages\CharacterDetailPage.test.jsx">
    <testCase name="CharacterDetailPage render CharacterDetailPage component" duration="79"/>
  </file>
</testExecutions>