<?xml version="1.0" encoding="UTF-8"?>
<testExecutions version="1">
  <file path="C:\Users\tfavre06\marvel-app\src\components\RechartsPieChart.test.jsx">
    <testCase name="RechartsPieChart renders RechartsPieChart" duration="71"/>
  </file>
</testExecutions>