<?xml version="1.0" encoding="UTF-8"?>
<testExecutions version="1">
  <file path="C:\Users\tfavre06\marvel-app\src\components\chart-utils.test.js">
    <testCase name="prepareData should return an empty array when no data is provided" duration="5"/>
    <testCase name="prepareData should return the correct transformed data when all values are provided" duration="1"/>
    <testCase name="prepareData should filter out elements with undefined values" duration="1"/>
    <testCase name="prepareData should handle partial data correctly" duration="0"/>
  </file>
  <file path="C:\Users\tfavre06\marvel-app\src\api\characters-api.test.js">
    <testCase name="getCharacters should return characters sorted by name in asc order" duration="14"/>
    <testCase name="getCharacters should return characters sorted by name in desc order" duration="0"/>
    <testCase name="getCharacters should return characters sorted by modified in asc order" duration="0"/>
    <testCase name="getCharacters should return characters sorted by modified in desc order" duration="1"/>
    <testCase name="getCharacterById should return the character with the given id" duration="0"/>
    <testCase name="getCharacterById should throw an error if the character with the given id is not found" duration="9"/>
    <testCase name="fetchCharacters should fetch characters sorted by name in asc order" duration="2"/>
    <testCase name="fetchCharacters should fetch characters sorted by name in desc order" duration="1"/>
    <testCase name="fetchCharacters should fetch characters sorted by modified in asc order" duration="1"/>
    <testCase name="fetchCharacters should fetch characters sorted by modified in desc order" duration="1"/>
  </file>
  <file path="C:\Users\tfavre06\marvel-app\src\components\D3PieChart.test.jsx">
    <testCase name="D3PieChart renders D3PieChart with label and value" duration="51"/>
  </file>
  <file path="C:\Users\tfavre06\marvel-app\src\components\RechartsPieChart.test.jsx">
    <testCase name="RechartsPieChart renders RechartsPieChart" duration="55"/>
  </file>
  <file path="C:\Users\tfavre06\marvel-app\src\pages\CharacterDetailPage.test.jsx">
    <testCase name="CharacterDetailPage render CharacterDetailPage component" duration="70"/>
  </file>
</testExecutions>